<?xml version="1.0" encoding="UTF-8"?>
<!-- Generated by org.testng.reporters.JUnitReportReporter -->
<testsuite hostname="LAPTOP-570PAFEV" failures="0" tests="1" name="Selenium.TestNgConcepts" time="0.001" errors="0" timestamp="06 Jun 2023 07:18:12 GMT" skipped="0">
  <testcase classname="Selenium.TestNgConcepts" name="scene" time="0.001"/>
</testsuite> <!-- Selenium.TestNgConcepts -->
