<?xml version="1.0" encoding="UTF-8"?>
<!-- Generated by org.testng.reporters.JUnitReportReporter -->
<testsuite hostname="LAPTOP-570PAFEV" failures="0" tests="1" name="Selenium.TestNgAnnotations" time="0.004" errors="0" timestamp="06 Jun 2023 07:18:12 GMT" skipped="0">
  <testcase classname="Selenium.TestNgAnnotations" name="testcase" time="0.004"/>
</testsuite> <!-- Selenium.TestNgAnnotations -->
