<?xml version="1.0" encoding="UTF-8"?>
<!-- Generated by org.testng.reporters.JUnitReportReporter -->
<testsuite hostname="LAPTOP-570PAFEV" failures="0" tests="1" name="Manippal.test.cases.TestCases1" time="6.140" errors="0" timestamp="2023-06-06T17:10:12 IST" skipped="0">
  <testcase classname="Manippal.test.cases.TestCases1" name="scenario1" time="6.140"/>
  <system-out/>
</testsuite> <!-- Manippal.test.cases.TestCases1 -->
