<?xml version="1.0" encoding="UTF-8"?>
<!-- Generated by org.testng.reporters.JUnitReportReporter -->
<testsuite hostname="LAPTOP-570PAFEV" failures="0" tests="1" name="Grid.Class2" time="2.631" errors="0" timestamp="2023-06-08T14:25:24 IST" skipped="0">
  <testcase classname="Grid.Class2" name="scenario1" time="2.631"/>
  <system-out/>
</testsuite> <!-- Grid.Class2 -->
