<?xml version="1.0" encoding="UTF-8"?>
<!-- Generated by org.testng.reporters.JUnitReportReporter -->
<testsuite hostname="LAPTOP-570PAFEV" failures="0" tests="1" name="Manippal.test.cases.TestCasesDemo" time="1.698" errors="0" timestamp="2023-06-07T11:42:33 IST" skipped="0">
  <testcase classname="Manippal.test.cases.TestCasesDemo" name="Scenario" time="1.698"/>
  <system-out/>
</testsuite> <!-- Manippal.test.cases.TestCasesDemo -->
